# Error log cleared for testing - Fixed submit_add field issue
[06-Aug-2025 09:56:26 Asia/Kuala_Lumpur] Request for /Online-Cube-Website/Cube-Website/Admin/admin_home.php?page=admin_manage_staff.php - AJAX: No, Session Staff_ID: 1, Role: admin
[06-Aug-2025 09:56:30 Asia/Kuala_Lumpur] Request for /Online-Cube-Website/Cube-Website/Admin/admin_home.php?page=admin_manage_staff.php - AJAX: Yes, Session Staff_ID: 1, Role: admin
[06-Aug-2025 09:56:30 Asia/Kuala_Lumpur] === ADD STAFF AJAX HANDLER STARTED ===
[06-Aug-2025 09:56:30 Asia/Kuala_Lumpur] Request URI: /Online-Cube-Website/Cube-Website/Admin/admin_home.php?page=admin_manage_staff.php
[06-Aug-2025 09:56:30 Asia/Kuala_Lumpur] HTTP_X_REQUESTED_WITH: XMLHttpRequest
[06-Aug-2025 09:56:30 Asia/Kuala_Lumpur] POST data: Array
(
    [staff_name] => Nana
    [staff_email] => nana@gmail.com
    [staff_role] => Admin
    [join_date] => 2025-08-05
    [submit_add] => Add Staff
)

[06-Aug-2025 09:56:30 Asia/Kuala_Lumpur] Session data: Array
(
    [Staff_ID] => 1
    [role] => admin
)

[06-Aug-2025 09:56:30 Asia/Kuala_Lumpur] All POST keys: staff_name, staff_email, staff_role, join_date, submit_add
[06-Aug-2025 09:56:32 Asia/Kuala_Lumpur] Request for /Online-Cube-Website/Cube-Website/Admin/admin_home.php?page=admin_manage_staff.php - AJAX: No, Session Staff_ID: 1, Role: admin
[06-Aug-2025 09:58:32 Asia/Kuala_Lumpur] Request for /Online-Cube-Website/Cube-Website/Admin/admin_home.php?page=admin_manage_staff.php - AJAX: No, Session Staff_ID: 1, Role: admin
